%!Adobe-FontList 1.14
%Locale:0x4009

%BeginFont
Handler:DirectoryHandler
FontType:Invalid
OutlineFileName:I:\My documents\Downloads\corona site\source\Font\Economica SIL OFL Font License 1.1.txt
FileModTime:1350471810
%EndFont

%BeginFont
Handler:DirectoryHandler
FontType:Invalid
OutlineFileName:I:\My documents\Downloads\corona site\source\Font\Economica.eot
FileModTime:1350471810
%EndFont

%BeginFont
Handler:DirectoryHandler
FontType:Invalid
OutlineFileName:I:\My documents\Downloads\corona site\source\Font\Economica.svg
FileModTime:1350471810
%EndFont

%BeginFont
Handler:DirectoryHandler
FontType:TrueType
FontName:Economica-Regular
FamilyName:Economica
StyleName:Regular
FullName:Economica Regular
MenuName:Economica
StyleBits:0
WritingScript:Roman
OutlineFileName:I:\My documents\Downloads\corona site\source\Font\Economica.ttf
DataFormat:sfntData
FileLength:24428
FileModTime:1350471810
WeightClass:400
WidthClass:5
AngleClass:0
%EndFont

